<?xml version="1.0" encoding="UTF-8"?>
<testsuite name="cz.flashsport.saved.screens.articledetail.detail.ArticleDetailControllerTest" tests="12" skipped="0"
		   failures="9" errors="0" timestamp="2020-07-08T16:37:21" hostname="MacBook-Pro-6.local" time="22.63">
	<properties/>
	<testcase name="should not display not downloaded info text when not saved article and article dont have text"
			  classname="cz.flashsport.saved.screens.articledetail.detail.ArticleDetailControllerTest" time="21.555"/>
	<testcase name="do not show topics when only sports in topics"
			  classname="cz.flashsport.saved.screens.articledetail.detail.ArticleDetailControllerTest" time="0.145"/>
	<testcase name="should show article detail with topics section of max topics and no expanded button"
			  classname="cz.flashsport.saved.screens.articledetail.detail.ArticleDetailControllerTest" time="0.295">
		<failure message="java.lang.AssertionError" type="java.lang.AssertionError">java.lang.AssertionError
			at org.junit.Assert.fail(Assert.java:86)
			at org.junit.Assert.assertTrue(Assert.java:41)
			at org.junit.Assert.assertTrue(Assert.java:52)
			at cz.flashsport.saved.screens.articledetail.detail.ArticleDetailControllerTest.should show article detail
			with topics section of max topics and no expanded button(ArticleDetailControllerTest.kt:94)
			at sun.reflect.NativeMethodAccessorImpl.invoke0(Native Method)
			at sun.reflect.NativeMethodAccessorImpl.invoke(NativeMethodAccessorImpl.java:62)
			at sun.reflect.DelegatingMethodAccessorImpl.invoke(DelegatingMethodAccessorImpl.java:43)
			at java.lang.reflect.Method.invoke(Method.java:498)
			at org.junit.runners.model.FrameworkMethod$1.runReflectiveCall(FrameworkMethod.java:50)
			at org.junit.internal.runners.model.ReflectiveCallable.run(ReflectiveCallable.java:12)
			at org.junit.runners.model.FrameworkMethod.invokeExplosively(FrameworkMethod.java:47)
			at org.junit.internal.runners.statements.InvokeMethod.evaluate(InvokeMethod.java:17)
			at org.robolectric.RobolectricTestRunner$HelperTestRunner$1.evaluate(RobolectricTestRunner.java:546)
			at org.robolectric.internal.SandboxTestRunner$2.lambda$evaluate$0(SandboxTestRunner.java:252)
			at org.robolectric.internal.bytecode.Sandbox.lambda$runOnMainThread$0(Sandbox.java:89)
			at java.util.concurrent.FutureTask.run(FutureTask.java:266)
			at java.util.concurrent.ThreadPoolExecutor.runWorker(ThreadPoolExecutor.java:1149)
			at java.util.concurrent.ThreadPoolExecutor$Worker.run(ThreadPoolExecutor.java:624)
			at java.lang.Thread.run(Thread.java:748)
		</failure>
	</testcase>
	<testcase name="should show article detail without similar articles"
			  classname="cz.flashsport.saved.screens.articledetail.detail.ArticleDetailControllerTest" time="0.29">
		<failure message="java.lang.AssertionError" type="java.lang.AssertionError">java.lang.AssertionError
			at org.junit.Assert.fail(Assert.java:86)
			at org.junit.Assert.assertTrue(Assert.java:41)
			at org.junit.Assert.assertTrue(Assert.java:52)
			at
			cz.flashsport.saved.screens.articledetail.detail.ArticleDetailControllerTest.controlContentModels(ArticleDetailControllerTest.kt:226)
			at cz.flashsport.saved.screens.articledetail.detail.ArticleDetailControllerTest.should show article detail
			without similar articles(ArticleDetailControllerTest.kt:153)
			at sun.reflect.NativeMethodAccessorImpl.invoke0(Native Method)
			at sun.reflect.NativeMethodAccessorImpl.invoke(NativeMethodAccessorImpl.java:62)
			at sun.reflect.DelegatingMethodAccessorImpl.invoke(DelegatingMethodAccessorImpl.java:43)
			at java.lang.reflect.Method.invoke(Method.java:498)
			at org.junit.runners.model.FrameworkMethod$1.runReflectiveCall(FrameworkMethod.java:50)
			at org.junit.internal.runners.model.ReflectiveCallable.run(ReflectiveCallable.java:12)
			at org.junit.runners.model.FrameworkMethod.invokeExplosively(FrameworkMethod.java:47)
			at org.junit.internal.runners.statements.InvokeMethod.evaluate(InvokeMethod.java:17)
			at org.robolectric.RobolectricTestRunner$HelperTestRunner$1.evaluate(RobolectricTestRunner.java:546)
			at org.robolectric.internal.SandboxTestRunner$2.lambda$evaluate$0(SandboxTestRunner.java:252)
			at org.robolectric.internal.bytecode.Sandbox.lambda$runOnMainThread$0(Sandbox.java:89)
			at java.util.concurrent.FutureTask.run(FutureTask.java:266)
			at java.util.concurrent.ThreadPoolExecutor.runWorker(ThreadPoolExecutor.java:1149)
			at java.util.concurrent.ThreadPoolExecutor$Worker.run(ThreadPoolExecutor.java:624)
			at java.lang.Thread.run(Thread.java:748)
		</failure>
	</testcase>
	<testcase name="should not display not downloaded info text when saved article and article dont have text"
			  classname="cz.flashsport.saved.screens.articledetail.detail.ArticleDetailControllerTest" time="0.023"/>
	<testcase name="should show article detail with similar articles"
			  classname="cz.flashsport.saved.screens.articledetail.detail.ArticleDetailControllerTest" time="0.024">
		<failure message="java.lang.AssertionError" type="java.lang.AssertionError">java.lang.AssertionError
			at org.junit.Assert.fail(Assert.java:86)
			at org.junit.Assert.assertTrue(Assert.java:41)
			at org.junit.Assert.assertTrue(Assert.java:52)
			at
			cz.flashsport.saved.screens.articledetail.detail.ArticleDetailControllerTest.controlContentModels(ArticleDetailControllerTest.kt:226)
			at cz.flashsport.saved.screens.articledetail.detail.ArticleDetailControllerTest.should show article detail
			with similar articles(ArticleDetailControllerTest.kt:171)
			at sun.reflect.NativeMethodAccessorImpl.invoke0(Native Method)
			at sun.reflect.NativeMethodAccessorImpl.invoke(NativeMethodAccessorImpl.java:62)
			at sun.reflect.DelegatingMethodAccessorImpl.invoke(DelegatingMethodAccessorImpl.java:43)
			at java.lang.reflect.Method.invoke(Method.java:498)
			at org.junit.runners.model.FrameworkMethod$1.runReflectiveCall(FrameworkMethod.java:50)
			at org.junit.internal.runners.model.ReflectiveCallable.run(ReflectiveCallable.java:12)
			at org.junit.runners.model.FrameworkMethod.invokeExplosively(FrameworkMethod.java:47)
			at org.junit.internal.runners.statements.InvokeMethod.evaluate(InvokeMethod.java:17)
			at org.robolectric.RobolectricTestRunner$HelperTestRunner$1.evaluate(RobolectricTestRunner.java:546)
			at org.robolectric.internal.SandboxTestRunner$2.lambda$evaluate$0(SandboxTestRunner.java:252)
			at org.robolectric.internal.bytecode.Sandbox.lambda$runOnMainThread$0(Sandbox.java:89)
			at java.util.concurrent.FutureTask.run(FutureTask.java:266)
			at java.util.concurrent.ThreadPoolExecutor.runWorker(ThreadPoolExecutor.java:1149)
			at java.util.concurrent.ThreadPoolExecutor$Worker.run(ThreadPoolExecutor.java:624)
			at java.lang.Thread.run(Thread.java:748)
		</failure>
	</testcase>
	<testcase name="display not downloaded info text when saved article and article dont have text"
			  classname="cz.flashsport.saved.screens.articledetail.detail.ArticleDetailControllerTest" time="0.046">
		<failure message="junit.framework.AssertionFailedError" type="junit.framework.AssertionFailedError">
			junit.framework.AssertionFailedError
			at junit.framework.Assert.fail(Assert.java:55)
			at junit.framework.Assert.assertTrue(Assert.java:22)
			at junit.framework.Assert.assertTrue(Assert.java:31)
			at cz.flashsport.saved.screens.articledetail.detail.ArticleDetailControllerTest.display not downloaded info
			text when saved article and article dont have text(ArticleDetailControllerTest.kt:200)
			at sun.reflect.NativeMethodAccessorImpl.invoke0(Native Method)
			at sun.reflect.NativeMethodAccessorImpl.invoke(NativeMethodAccessorImpl.java:62)
			at sun.reflect.DelegatingMethodAccessorImpl.invoke(DelegatingMethodAccessorImpl.java:43)
			at java.lang.reflect.Method.invoke(Method.java:498)
			at org.junit.runners.model.FrameworkMethod$1.runReflectiveCall(FrameworkMethod.java:50)
			at org.junit.internal.runners.model.ReflectiveCallable.run(ReflectiveCallable.java:12)
			at org.junit.runners.model.FrameworkMethod.invokeExplosively(FrameworkMethod.java:47)
			at org.junit.internal.runners.statements.InvokeMethod.evaluate(InvokeMethod.java:17)
			at org.robolectric.RobolectricTestRunner$HelperTestRunner$1.evaluate(RobolectricTestRunner.java:546)
			at org.robolectric.internal.SandboxTestRunner$2.lambda$evaluate$0(SandboxTestRunner.java:252)
			at org.robolectric.internal.bytecode.Sandbox.lambda$runOnMainThread$0(Sandbox.java:89)
			at java.util.concurrent.FutureTask.run(FutureTask.java:266)
			at java.util.concurrent.ThreadPoolExecutor.runWorker(ThreadPoolExecutor.java:1149)
			at java.util.concurrent.ThreadPoolExecutor$Worker.run(ThreadPoolExecutor.java:624)
			at java.lang.Thread.run(Thread.java:748)
		</failure>
	</testcase>
	<testcase name="should show article detail with topics section expanded"
			  classname="cz.flashsport.saved.screens.articledetail.detail.ArticleDetailControllerTest" time="0.036">
		<failure message="java.lang.AssertionError" type="java.lang.AssertionError">java.lang.AssertionError
			at org.junit.Assert.fail(Assert.java:86)
			at org.junit.Assert.assertTrue(Assert.java:41)
			at org.junit.Assert.assertTrue(Assert.java:52)
			at cz.flashsport.saved.screens.articledetail.detail.ArticleDetailControllerTest.should show article detail
			with topics section expanded(ArticleDetailControllerTest.kt:136)
			at sun.reflect.NativeMethodAccessorImpl.invoke0(Native Method)
			at sun.reflect.NativeMethodAccessorImpl.invoke(NativeMethodAccessorImpl.java:62)
			at sun.reflect.DelegatingMethodAccessorImpl.invoke(DelegatingMethodAccessorImpl.java:43)
			at java.lang.reflect.Method.invoke(Method.java:498)
			at org.junit.runners.model.FrameworkMethod$1.runReflectiveCall(FrameworkMethod.java:50)
			at org.junit.internal.runners.model.ReflectiveCallable.run(ReflectiveCallable.java:12)
			at org.junit.runners.model.FrameworkMethod.invokeExplosively(FrameworkMethod.java:47)
			at org.junit.internal.runners.statements.InvokeMethod.evaluate(InvokeMethod.java:17)
			at org.robolectric.RobolectricTestRunner$HelperTestRunner$1.evaluate(RobolectricTestRunner.java:546)
			at org.robolectric.internal.SandboxTestRunner$2.lambda$evaluate$0(SandboxTestRunner.java:252)
			at org.robolectric.internal.bytecode.Sandbox.lambda$runOnMainThread$0(Sandbox.java:89)
			at java.util.concurrent.FutureTask.run(FutureTask.java:266)
			at java.util.concurrent.ThreadPoolExecutor.runWorker(ThreadPoolExecutor.java:1149)
			at java.util.concurrent.ThreadPoolExecutor$Worker.run(ThreadPoolExecutor.java:624)
			at java.lang.Thread.run(Thread.java:748)
		</failure>
	</testcase>
	<testcase name="should show article detail without image"
			  classname="cz.flashsport.saved.screens.articledetail.detail.ArticleDetailControllerTest" time="0.025">
		<failure message="java.lang.AssertionError" type="java.lang.AssertionError">java.lang.AssertionError
			at org.junit.Assert.fail(Assert.java:86)
			at org.junit.Assert.assertTrue(Assert.java:41)
			at org.junit.Assert.assertTrue(Assert.java:52)
			at
			cz.flashsport.saved.screens.articledetail.detail.ArticleDetailControllerTest.controlContentModels(ArticleDetailControllerTest.kt:226)
			at cz.flashsport.saved.screens.articledetail.detail.ArticleDetailControllerTest.should show article detail
			without image(ArticleDetailControllerTest.kt:41)
			at sun.reflect.NativeMethodAccessorImpl.invoke0(Native Method)
			at sun.reflect.NativeMethodAccessorImpl.invoke(NativeMethodAccessorImpl.java:62)
			at sun.reflect.DelegatingMethodAccessorImpl.invoke(DelegatingMethodAccessorImpl.java:43)
			at java.lang.reflect.Method.invoke(Method.java:498)
			at org.junit.runners.model.FrameworkMethod$1.runReflectiveCall(FrameworkMethod.java:50)
			at org.junit.internal.runners.model.ReflectiveCallable.run(ReflectiveCallable.java:12)
			at org.junit.runners.model.FrameworkMethod.invokeExplosively(FrameworkMethod.java:47)
			at org.junit.internal.runners.statements.InvokeMethod.evaluate(InvokeMethod.java:17)
			at org.robolectric.RobolectricTestRunner$HelperTestRunner$1.evaluate(RobolectricTestRunner.java:546)
			at org.robolectric.internal.SandboxTestRunner$2.lambda$evaluate$0(SandboxTestRunner.java:252)
			at org.robolectric.internal.bytecode.Sandbox.lambda$runOnMainThread$0(Sandbox.java:89)
			at java.util.concurrent.FutureTask.run(FutureTask.java:266)
			at java.util.concurrent.ThreadPoolExecutor.runWorker(ThreadPoolExecutor.java:1149)
			at java.util.concurrent.ThreadPoolExecutor$Worker.run(ThreadPoolExecutor.java:624)
			at java.lang.Thread.run(Thread.java:748)
		</failure>
	</testcase>
	<testcase name="should show article detail with topics section and expanded button"
			  classname="cz.flashsport.saved.screens.articledetail.detail.ArticleDetailControllerTest" time="0.022">
		<failure message="java.lang.AssertionError" type="java.lang.AssertionError">java.lang.AssertionError
			at org.junit.Assert.fail(Assert.java:86)
			at org.junit.Assert.assertTrue(Assert.java:41)
			at org.junit.Assert.assertTrue(Assert.java:52)
			at cz.flashsport.saved.screens.articledetail.detail.ArticleDetailControllerTest.should show article detail
			with topics section and expanded button(ArticleDetailControllerTest.kt:115)
			at sun.reflect.NativeMethodAccessorImpl.invoke0(Native Method)
			at sun.reflect.NativeMethodAccessorImpl.invoke(NativeMethodAccessorImpl.java:62)
			at sun.reflect.DelegatingMethodAccessorImpl.invoke(DelegatingMethodAccessorImpl.java:43)
			at java.lang.reflect.Method.invoke(Method.java:498)
			at org.junit.runners.model.FrameworkMethod$1.runReflectiveCall(FrameworkMethod.java:50)
			at org.junit.internal.runners.model.ReflectiveCallable.run(ReflectiveCallable.java:12)
			at org.junit.runners.model.FrameworkMethod.invokeExplosively(FrameworkMethod.java:47)
			at org.junit.internal.runners.statements.InvokeMethod.evaluate(InvokeMethod.java:17)
			at org.robolectric.RobolectricTestRunner$HelperTestRunner$1.evaluate(RobolectricTestRunner.java:546)
			at org.robolectric.internal.SandboxTestRunner$2.lambda$evaluate$0(SandboxTestRunner.java:252)
			at org.robolectric.internal.bytecode.Sandbox.lambda$runOnMainThread$0(Sandbox.java:89)
			at java.util.concurrent.FutureTask.run(FutureTask.java:266)
			at java.util.concurrent.ThreadPoolExecutor.runWorker(ThreadPoolExecutor.java:1149)
			at java.util.concurrent.ThreadPoolExecutor$Worker.run(ThreadPoolExecutor.java:624)
			at java.lang.Thread.run(Thread.java:748)
		</failure>
	</testcase>
	<testcase name="should show article detail without topics section"
			  classname="cz.flashsport.saved.screens.articledetail.detail.ArticleDetailControllerTest" time="0.12">
		<failure message="java.lang.AssertionError" type="java.lang.AssertionError">java.lang.AssertionError
			at org.junit.Assert.fail(Assert.java:86)
			at org.junit.Assert.assertTrue(Assert.java:41)
			at org.junit.Assert.assertTrue(Assert.java:52)
			at cz.flashsport.saved.screens.articledetail.detail.ArticleDetailControllerTest.should show article detail
			without topics section(ArticleDetailControllerTest.kt:56)
			at sun.reflect.NativeMethodAccessorImpl.invoke0(Native Method)
			at sun.reflect.NativeMethodAccessorImpl.invoke(NativeMethodAccessorImpl.java:62)
			at sun.reflect.DelegatingMethodAccessorImpl.invoke(DelegatingMethodAccessorImpl.java:43)
			at java.lang.reflect.Method.invoke(Method.java:498)
			at org.junit.runners.model.FrameworkMethod$1.runReflectiveCall(FrameworkMethod.java:50)
			at org.junit.internal.runners.model.ReflectiveCallable.run(ReflectiveCallable.java:12)
			at org.junit.runners.model.FrameworkMethod.invokeExplosively(FrameworkMethod.java:47)
			at org.junit.internal.runners.statements.InvokeMethod.evaluate(InvokeMethod.java:17)
			at org.robolectric.RobolectricTestRunner$HelperTestRunner$1.evaluate(RobolectricTestRunner.java:546)
			at org.robolectric.internal.SandboxTestRunner$2.lambda$evaluate$0(SandboxTestRunner.java:252)
			at org.robolectric.internal.bytecode.Sandbox.lambda$runOnMainThread$0(Sandbox.java:89)
			at java.util.concurrent.FutureTask.run(FutureTask.java:266)
			at java.util.concurrent.ThreadPoolExecutor.runWorker(ThreadPoolExecutor.java:1149)
			at java.util.concurrent.ThreadPoolExecutor$Worker.run(ThreadPoolExecutor.java:624)
			at java.lang.Thread.run(Thread.java:748)
		</failure>
	</testcase>
	<testcase name="should show article detail with topics section of less than max topics and no expanded button"
			  classname="cz.flashsport.saved.screens.articledetail.detail.ArticleDetailControllerTest" time="0.046">
		<failure message="java.lang.AssertionError" type="java.lang.AssertionError">java.lang.AssertionError
			at org.junit.Assert.fail(Assert.java:86)
			at org.junit.Assert.assertTrue(Assert.java:41)
			at org.junit.Assert.assertTrue(Assert.java:52)
			at cz.flashsport.saved.screens.articledetail.detail.ArticleDetailControllerTest.should show article detail
			with topics section of less than max topics and no expanded button(ArticleDetailControllerTest.kt:73)
			at sun.reflect.NativeMethodAccessorImpl.invoke0(Native Method)
			at sun.reflect.NativeMethodAccessorImpl.invoke(NativeMethodAccessorImpl.java:62)
			at sun.reflect.DelegatingMethodAccessorImpl.invoke(DelegatingMethodAccessorImpl.java:43)
			at java.lang.reflect.Method.invoke(Method.java:498)
			at org.junit.runners.model.FrameworkMethod$1.runReflectiveCall(FrameworkMethod.java:50)
			at org.junit.internal.runners.model.ReflectiveCallable.run(ReflectiveCallable.java:12)
			at org.junit.runners.model.FrameworkMethod.invokeExplosively(FrameworkMethod.java:47)
			at org.junit.internal.runners.statements.InvokeMethod.evaluate(InvokeMethod.java:17)
			at org.robolectric.RobolectricTestRunner$HelperTestRunner$1.evaluate(RobolectricTestRunner.java:546)
			at org.robolectric.internal.SandboxTestRunner$2.lambda$evaluate$0(SandboxTestRunner.java:252)
			at org.robolectric.internal.bytecode.Sandbox.lambda$runOnMainThread$0(Sandbox.java:89)
			at java.util.concurrent.FutureTask.run(FutureTask.java:266)
			at java.util.concurrent.ThreadPoolExecutor.runWorker(ThreadPoolExecutor.java:1149)
			at java.util.concurrent.ThreadPoolExecutor$Worker.run(ThreadPoolExecutor.java:624)
			at java.lang.Thread.run(Thread.java:748)
		</failure>
	</testcase>
	<system-out><![CDATA[WARNING: No manifest file found at ./AndroidManifest.xml.
Falling back to the Android OS resources only.
To remove this warning, annotate your test class with @Config(manifest=Config.NONE).
[Robolectric] cz.flashsport.saved.screens.articledetail.detail.ArticleDetailControllerTest.should not display not downloaded info text when not saved article and article dont have text: sdk=16; resources=LEGACY
[Robolectric] NOTICE: legacy resources mode is deprecated; see http://robolectric.org/migrating/#migrating-to-40
[Robolectric] cz.flashsport.saved.screens.articledetail.detail.ArticleDetailControllerTest.do not show topics when only sports in topics: sdk=16; resources=LEGACY
[Robolectric] NOTICE: legacy resources mode is deprecated; see http://robolectric.org/migrating/#migrating-to-40
[Robolectric] cz.flashsport.saved.screens.articledetail.detail.ArticleDetailControllerTest.should show article detail with topics section of max topics and no expanded button: sdk=16; resources=LEGACY
[Robolectric] NOTICE: legacy resources mode is deprecated; see http://robolectric.org/migrating/#migrating-to-40
[Robolectric] cz.flashsport.saved.screens.articledetail.detail.ArticleDetailControllerTest.should show article detail without similar articles: sdk=16; resources=LEGACY
[Robolectric] NOTICE: legacy resources mode is deprecated; see http://robolectric.org/migrating/#migrating-to-40
[Robolectric] cz.flashsport.saved.screens.articledetail.detail.ArticleDetailControllerTest.should not display not downloaded info text when saved article and article dont have text: sdk=16; resources=LEGACY
[Robolectric] NOTICE: legacy resources mode is deprecated; see http://robolectric.org/migrating/#migrating-to-40
[Robolectric] cz.flashsport.saved.screens.articledetail.detail.ArticleDetailControllerTest.should show article detail with similar articles: sdk=16; resources=LEGACY
[Robolectric] NOTICE: legacy resources mode is deprecated; see http://robolectric.org/migrating/#migrating-to-40
[Robolectric] cz.flashsport.saved.screens.articledetail.detail.ArticleDetailControllerTest.display not downloaded info text when saved article and article dont have text: sdk=16; resources=LEGACY
[Robolectric] NOTICE: legacy resources mode is deprecated; see http://robolectric.org/migrating/#migrating-to-40
[Robolectric] cz.flashsport.saved.screens.articledetail.detail.ArticleDetailControllerTest.should show article detail with topics section expanded: sdk=16; resources=LEGACY
[Robolectric] NOTICE: legacy resources mode is deprecated; see http://robolectric.org/migrating/#migrating-to-40
[Robolectric] cz.flashsport.saved.screens.articledetail.detail.ArticleDetailControllerTest.should show article detail without image: sdk=16; resources=LEGACY
[Robolectric] NOTICE: legacy resources mode is deprecated; see http://robolectric.org/migrating/#migrating-to-40
[Robolectric] cz.flashsport.saved.screens.articledetail.detail.ArticleDetailControllerTest.should show article detail with topics section and expanded button: sdk=16; resources=LEGACY
[Robolectric] NOTICE: legacy resources mode is deprecated; see http://robolectric.org/migrating/#migrating-to-40
[Robolectric] cz.flashsport.saved.screens.articledetail.detail.ArticleDetailControllerTest.should show article detail without topics section: sdk=16; resources=LEGACY
[Robolectric] NOTICE: legacy resources mode is deprecated; see http://robolectric.org/migrating/#migrating-to-40
[Robolectric] cz.flashsport.saved.screens.articledetail.detail.ArticleDetailControllerTest.should show article detail with topics section of less than max topics and no expanded button: sdk=16; resources=LEGACY
[Robolectric] NOTICE: legacy resources mode is deprecated; see http://robolectric.org/migrating/#migrating-to-40
]]></system-out>
	<system-err><![CDATA[[Robolectric] WARN: Android SDK 10000 requires Java 9 (have Java 8). Tests won't be run on SDK 10000 unless explicitly requested.
No such manifest file: ./AndroidManifest.xml
]]></system-err>
</testsuite>
